Copyright 1986-2019 Xilinx, Inc. All Rights Reserved.
---------------------------------------------------------------------------------------------------------------------------------------
| Tool Version : Vivado v.2019.1 (win64) Build 2552052 Fri May 24 14:49:42 MDT 2019
| Date         : Wed Aug 12 11:10:12 2020
| Host         : DESKTOP-AUBSA4O running 64-bit major release  (build 9200)
| Command      : report_drc -file design_1_wrapper_drc_opted.rpt -pb design_1_wrapper_drc_opted.pb -rpx design_1_wrapper_drc_opted.rpx
| Design       : design_1_wrapper
| Device       : xc7z010clg400-1
| Speed File   : -1
| Design State : Synthesized
---------------------------------------------------------------------------------------------------------------------------------------

Report DRC

Table of Contents
-----------------
1. REPORT SUMMARY
2. REPORT DETAILS

1. REPORT SUMMARY
-----------------
            Netlist: netlist
          Floorplan: design_1
      Design limits: <entire design considered>
           Ruledeck: default
             Max violations: <unlimited>
             Violations found: 13
+-----------+----------+-------------------------------------------------------------------+------------+
| Rule      | Severity | Description                                                       | Violations |
+-----------+----------+-------------------------------------------------------------------+------------+
| REQP-1839 | Warning  | RAMB36 async control check                                        | 9          |
| AVAL-4    | Advisory | enum_USE_DPORT_FALSE_enum_DREG_ADREG_0_connects_CED_CEAD_RSTD_GND | 2          |
| AVAL-5    | Advisory | enum_USE_MULT_NONE_enum_DREG_ADREG_0_connects_CED_CEAD_RSTD_GND   | 2          |
+-----------+----------+-------------------------------------------------------------------+------------+

2. REPORT DETAILS
-----------------
REQP-1839#1 Warning
RAMB36 async control check  
The RAMB36E1 design_1_i/DMA/axi_datamover_0/U0/GEN_S2MM_FULL.I_S2MM_FULL_WRAPPER/I_CMD_STATUS/I_CMD_FIFO/USE_ASYNC_FIFO.I_ASYNC_FIFO/I_ASYNC_FIFOGEN_FIFO/xpm_fifo_instance.xpm_fifo_async_inst/gnuram_async_fifo.xpm_fifo_base_inst/gen_sdpram.xpm_memory_base_inst/gen_wr_a.gen_word_narrow.mem_reg has an input control pin design_1_i/DMA/axi_datamover_0/U0/GEN_S2MM_FULL.I_S2MM_FULL_WRAPPER/I_CMD_STATUS/I_CMD_FIFO/USE_ASYNC_FIFO.I_ASYNC_FIFO/I_ASYNC_FIFOGEN_FIFO/xpm_fifo_instance.xpm_fifo_async_inst/gnuram_async_fifo.xpm_fifo_base_inst/gen_sdpram.xpm_memory_base_inst/gen_wr_a.gen_word_narrow.mem_reg/ENBWREN (net: design_1_i/DMA/axi_datamover_0/U0/GEN_S2MM_FULL.I_S2MM_FULL_WRAPPER/I_CMD_STATUS/I_CMD_FIFO/USE_ASYNC_FIFO.I_ASYNC_FIFO/I_ASYNC_FIFOGEN_FIFO/xpm_fifo_instance.xpm_fifo_async_inst/gnuram_async_fifo.xpm_fifo_base_inst/gen_sdpram.xpm_memory_base_inst/ena) which is driven by a register (design_1_i/DMA/Acquisition_top_0/U0/ADC_FSM/m_axis_s2mm_cmd_tvalid_reg) that has an active asychronous set or reset. This may cause corruption of the memory contents and/or read values when the set/reset is asserted and is not analyzed by the default static timing analysis. It is suggested to eliminate the use of a set/reset to registers driving this RAMB pin or else use a synchronous reset in which the assertion of the reset is timed by default.
Related violations: <none>

REQP-1839#2 Warning
RAMB36 async control check  
The RAMB36E1 design_1_i/DMA/axi_datamover_0/U0/GEN_S2MM_FULL.I_S2MM_FULL_WRAPPER/I_CMD_STATUS/I_CMD_FIFO/USE_ASYNC_FIFO.I_ASYNC_FIFO/I_ASYNC_FIFOGEN_FIFO/xpm_fifo_instance.xpm_fifo_async_inst/gnuram_async_fifo.xpm_fifo_base_inst/gen_sdpram.xpm_memory_base_inst/gen_wr_a.gen_word_narrow.mem_reg has an input control pin design_1_i/DMA/axi_datamover_0/U0/GEN_S2MM_FULL.I_S2MM_FULL_WRAPPER/I_CMD_STATUS/I_CMD_FIFO/USE_ASYNC_FIFO.I_ASYNC_FIFO/I_ASYNC_FIFOGEN_FIFO/xpm_fifo_instance.xpm_fifo_async_inst/gnuram_async_fifo.xpm_fifo_base_inst/gen_sdpram.xpm_memory_base_inst/gen_wr_a.gen_word_narrow.mem_reg/WEBWE[0] (net: design_1_i/DMA/axi_datamover_0/U0/GEN_S2MM_FULL.I_S2MM_FULL_WRAPPER/I_CMD_STATUS/I_CMD_FIFO/USE_ASYNC_FIFO.I_ASYNC_FIFO/I_ASYNC_FIFOGEN_FIFO/xpm_fifo_instance.xpm_fifo_async_inst/gnuram_async_fifo.xpm_fifo_base_inst/gen_sdpram.xpm_memory_base_inst/ena) which is driven by a register (design_1_i/DMA/Acquisition_top_0/U0/ADC_FSM/m_axis_s2mm_cmd_tvalid_reg) that has an active asychronous set or reset. This may cause corruption of the memory contents and/or read values when the set/reset is asserted and is not analyzed by the default static timing analysis. It is suggested to eliminate the use of a set/reset to registers driving this RAMB pin or else use a synchronous reset in which the assertion of the reset is timed by default.
Related violations: <none>

REQP-1839#3 Warning
RAMB36 async control check  
The RAMB36E1 design_1_i/DMA/axi_datamover_0/U0/GEN_S2MM_FULL.I_S2MM_FULL_WRAPPER/I_CMD_STATUS/I_CMD_FIFO/USE_ASYNC_FIFO.I_ASYNC_FIFO/I_ASYNC_FIFOGEN_FIFO/xpm_fifo_instance.xpm_fifo_async_inst/gnuram_async_fifo.xpm_fifo_base_inst/gen_sdpram.xpm_memory_base_inst/gen_wr_a.gen_word_narrow.mem_reg has an input control pin design_1_i/DMA/axi_datamover_0/U0/GEN_S2MM_FULL.I_S2MM_FULL_WRAPPER/I_CMD_STATUS/I_CMD_FIFO/USE_ASYNC_FIFO.I_ASYNC_FIFO/I_ASYNC_FIFOGEN_FIFO/xpm_fifo_instance.xpm_fifo_async_inst/gnuram_async_fifo.xpm_fifo_base_inst/gen_sdpram.xpm_memory_base_inst/gen_wr_a.gen_word_narrow.mem_reg/WEBWE[1] (net: design_1_i/DMA/axi_datamover_0/U0/GEN_S2MM_FULL.I_S2MM_FULL_WRAPPER/I_CMD_STATUS/I_CMD_FIFO/USE_ASYNC_FIFO.I_ASYNC_FIFO/I_ASYNC_FIFOGEN_FIFO/xpm_fifo_instance.xpm_fifo_async_inst/gnuram_async_fifo.xpm_fifo_base_inst/gen_sdpram.xpm_memory_base_inst/ena) which is driven by a register (design_1_i/DMA/Acquisition_top_0/U0/ADC_FSM/m_axis_s2mm_cmd_tvalid_reg) that has an active asychronous set or reset. This may cause corruption of the memory contents and/or read values when the set/reset is asserted and is not analyzed by the default static timing analysis. It is suggested to eliminate the use of a set/reset to registers driving this RAMB pin or else use a synchronous reset in which the assertion of the reset is timed by default.
Related violations: <none>

REQP-1839#4 Warning
RAMB36 async control check  
The RAMB36E1 design_1_i/DMA/axi_datamover_0/U0/GEN_S2MM_FULL.I_S2MM_FULL_WRAPPER/I_CMD_STATUS/I_CMD_FIFO/USE_ASYNC_FIFO.I_ASYNC_FIFO/I_ASYNC_FIFOGEN_FIFO/xpm_fifo_instance.xpm_fifo_async_inst/gnuram_async_fifo.xpm_fifo_base_inst/gen_sdpram.xpm_memory_base_inst/gen_wr_a.gen_word_narrow.mem_reg has an input control pin design_1_i/DMA/axi_datamover_0/U0/GEN_S2MM_FULL.I_S2MM_FULL_WRAPPER/I_CMD_STATUS/I_CMD_FIFO/USE_ASYNC_FIFO.I_ASYNC_FIFO/I_ASYNC_FIFOGEN_FIFO/xpm_fifo_instance.xpm_fifo_async_inst/gnuram_async_fifo.xpm_fifo_base_inst/gen_sdpram.xpm_memory_base_inst/gen_wr_a.gen_word_narrow.mem_reg/WEBWE[2] (net: design_1_i/DMA/axi_datamover_0/U0/GEN_S2MM_FULL.I_S2MM_FULL_WRAPPER/I_CMD_STATUS/I_CMD_FIFO/USE_ASYNC_FIFO.I_ASYNC_FIFO/I_ASYNC_FIFOGEN_FIFO/xpm_fifo_instance.xpm_fifo_async_inst/gnuram_async_fifo.xpm_fifo_base_inst/gen_sdpram.xpm_memory_base_inst/ena) which is driven by a register (design_1_i/DMA/Acquisition_top_0/U0/ADC_FSM/m_axis_s2mm_cmd_tvalid_reg) that has an active asychronous set or reset. This may cause corruption of the memory contents and/or read values when the set/reset is asserted and is not analyzed by the default static timing analysis. It is suggested to eliminate the use of a set/reset to registers driving this RAMB pin or else use a synchronous reset in which the assertion of the reset is timed by default.
Related violations: <none>

REQP-1839#5 Warning
RAMB36 async control check  
The RAMB36E1 design_1_i/DMA/axi_datamover_0/U0/GEN_S2MM_FULL.I_S2MM_FULL_WRAPPER/I_CMD_STATUS/I_CMD_FIFO/USE_ASYNC_FIFO.I_ASYNC_FIFO/I_ASYNC_FIFOGEN_FIFO/xpm_fifo_instance.xpm_fifo_async_inst/gnuram_async_fifo.xpm_fifo_base_inst/gen_sdpram.xpm_memory_base_inst/gen_wr_a.gen_word_narrow.mem_reg has an input control pin design_1_i/DMA/axi_datamover_0/U0/GEN_S2MM_FULL.I_S2MM_FULL_WRAPPER/I_CMD_STATUS/I_CMD_FIFO/USE_ASYNC_FIFO.I_ASYNC_FIFO/I_ASYNC_FIFOGEN_FIFO/xpm_fifo_instance.xpm_fifo_async_inst/gnuram_async_fifo.xpm_fifo_base_inst/gen_sdpram.xpm_memory_base_inst/gen_wr_a.gen_word_narrow.mem_reg/WEBWE[3] (net: design_1_i/DMA/axi_datamover_0/U0/GEN_S2MM_FULL.I_S2MM_FULL_WRAPPER/I_CMD_STATUS/I_CMD_FIFO/USE_ASYNC_FIFO.I_ASYNC_FIFO/I_ASYNC_FIFOGEN_FIFO/xpm_fifo_instance.xpm_fifo_async_inst/gnuram_async_fifo.xpm_fifo_base_inst/gen_sdpram.xpm_memory_base_inst/ena) which is driven by a register (design_1_i/DMA/Acquisition_top_0/U0/ADC_FSM/m_axis_s2mm_cmd_tvalid_reg) that has an active asychronous set or reset. This may cause corruption of the memory contents and/or read values when the set/reset is asserted and is not analyzed by the default static timing analysis. It is suggested to eliminate the use of a set/reset to registers driving this RAMB pin or else use a synchronous reset in which the assertion of the reset is timed by default.
Related violations: <none>

REQP-1839#6 Warning
RAMB36 async control check  
The RAMB36E1 design_1_i/DMA/axi_datamover_0/U0/GEN_S2MM_FULL.I_S2MM_FULL_WRAPPER/I_CMD_STATUS/I_CMD_FIFO/USE_ASYNC_FIFO.I_ASYNC_FIFO/I_ASYNC_FIFOGEN_FIFO/xpm_fifo_instance.xpm_fifo_async_inst/gnuram_async_fifo.xpm_fifo_base_inst/gen_sdpram.xpm_memory_base_inst/gen_wr_a.gen_word_narrow.mem_reg has an input control pin design_1_i/DMA/axi_datamover_0/U0/GEN_S2MM_FULL.I_S2MM_FULL_WRAPPER/I_CMD_STATUS/I_CMD_FIFO/USE_ASYNC_FIFO.I_ASYNC_FIFO/I_ASYNC_FIFOGEN_FIFO/xpm_fifo_instance.xpm_fifo_async_inst/gnuram_async_fifo.xpm_fifo_base_inst/gen_sdpram.xpm_memory_base_inst/gen_wr_a.gen_word_narrow.mem_reg/WEBWE[4] (net: design_1_i/DMA/axi_datamover_0/U0/GEN_S2MM_FULL.I_S2MM_FULL_WRAPPER/I_CMD_STATUS/I_CMD_FIFO/USE_ASYNC_FIFO.I_ASYNC_FIFO/I_ASYNC_FIFOGEN_FIFO/xpm_fifo_instance.xpm_fifo_async_inst/gnuram_async_fifo.xpm_fifo_base_inst/gen_sdpram.xpm_memory_base_inst/ena) which is driven by a register (design_1_i/DMA/Acquisition_top_0/U0/ADC_FSM/m_axis_s2mm_cmd_tvalid_reg) that has an active asychronous set or reset. This may cause corruption of the memory contents and/or read values when the set/reset is asserted and is not analyzed by the default static timing analysis. It is suggested to eliminate the use of a set/reset to registers driving this RAMB pin or else use a synchronous reset in which the assertion of the reset is timed by default.
Related violations: <none>

REQP-1839#7 Warning
RAMB36 async control check  
The RAMB36E1 design_1_i/DMA/axi_datamover_0/U0/GEN_S2MM_FULL.I_S2MM_FULL_WRAPPER/I_CMD_STATUS/I_CMD_FIFO/USE_ASYNC_FIFO.I_ASYNC_FIFO/I_ASYNC_FIFOGEN_FIFO/xpm_fifo_instance.xpm_fifo_async_inst/gnuram_async_fifo.xpm_fifo_base_inst/gen_sdpram.xpm_memory_base_inst/gen_wr_a.gen_word_narrow.mem_reg has an input control pin design_1_i/DMA/axi_datamover_0/U0/GEN_S2MM_FULL.I_S2MM_FULL_WRAPPER/I_CMD_STATUS/I_CMD_FIFO/USE_ASYNC_FIFO.I_ASYNC_FIFO/I_ASYNC_FIFOGEN_FIFO/xpm_fifo_instance.xpm_fifo_async_inst/gnuram_async_fifo.xpm_fifo_base_inst/gen_sdpram.xpm_memory_base_inst/gen_wr_a.gen_word_narrow.mem_reg/WEBWE[5] (net: design_1_i/DMA/axi_datamover_0/U0/GEN_S2MM_FULL.I_S2MM_FULL_WRAPPER/I_CMD_STATUS/I_CMD_FIFO/USE_ASYNC_FIFO.I_ASYNC_FIFO/I_ASYNC_FIFOGEN_FIFO/xpm_fifo_instance.xpm_fifo_async_inst/gnuram_async_fifo.xpm_fifo_base_inst/gen_sdpram.xpm_memory_base_inst/ena) which is driven by a register (design_1_i/DMA/Acquisition_top_0/U0/ADC_FSM/m_axis_s2mm_cmd_tvalid_reg) that has an active asychronous set or reset. This may cause corruption of the memory contents and/or read values when the set/reset is asserted and is not analyzed by the default static timing analysis. It is suggested to eliminate the use of a set/reset to registers driving this RAMB pin or else use a synchronous reset in which the assertion of the reset is timed by default.
Related violations: <none>

REQP-1839#8 Warning
RAMB36 async control check  
The RAMB36E1 design_1_i/DMA/axi_datamover_0/U0/GEN_S2MM_FULL.I_S2MM_FULL_WRAPPER/I_CMD_STATUS/I_CMD_FIFO/USE_ASYNC_FIFO.I_ASYNC_FIFO/I_ASYNC_FIFOGEN_FIFO/xpm_fifo_instance.xpm_fifo_async_inst/gnuram_async_fifo.xpm_fifo_base_inst/gen_sdpram.xpm_memory_base_inst/gen_wr_a.gen_word_narrow.mem_reg has an input control pin design_1_i/DMA/axi_datamover_0/U0/GEN_S2MM_FULL.I_S2MM_FULL_WRAPPER/I_CMD_STATUS/I_CMD_FIFO/USE_ASYNC_FIFO.I_ASYNC_FIFO/I_ASYNC_FIFOGEN_FIFO/xpm_fifo_instance.xpm_fifo_async_inst/gnuram_async_fifo.xpm_fifo_base_inst/gen_sdpram.xpm_memory_base_inst/gen_wr_a.gen_word_narrow.mem_reg/WEBWE[6] (net: design_1_i/DMA/axi_datamover_0/U0/GEN_S2MM_FULL.I_S2MM_FULL_WRAPPER/I_CMD_STATUS/I_CMD_FIFO/USE_ASYNC_FIFO.I_ASYNC_FIFO/I_ASYNC_FIFOGEN_FIFO/xpm_fifo_instance.xpm_fifo_async_inst/gnuram_async_fifo.xpm_fifo_base_inst/gen_sdpram.xpm_memory_base_inst/ena) which is driven by a register (design_1_i/DMA/Acquisition_top_0/U0/ADC_FSM/m_axis_s2mm_cmd_tvalid_reg) that has an active asychronous set or reset. This may cause corruption of the memory contents and/or read values when the set/reset is asserted and is not analyzed by the default static timing analysis. It is suggested to eliminate the use of a set/reset to registers driving this RAMB pin or else use a synchronous reset in which the assertion of the reset is timed by default.
Related violations: <none>

REQP-1839#9 Warning
RAMB36 async control check  
The RAMB36E1 design_1_i/DMA/axi_datamover_0/U0/GEN_S2MM_FULL.I_S2MM_FULL_WRAPPER/I_CMD_STATUS/I_CMD_FIFO/USE_ASYNC_FIFO.I_ASYNC_FIFO/I_ASYNC_FIFOGEN_FIFO/xpm_fifo_instance.xpm_fifo_async_inst/gnuram_async_fifo.xpm_fifo_base_inst/gen_sdpram.xpm_memory_base_inst/gen_wr_a.gen_word_narrow.mem_reg has an input control pin design_1_i/DMA/axi_datamover_0/U0/GEN_S2MM_FULL.I_S2MM_FULL_WRAPPER/I_CMD_STATUS/I_CMD_FIFO/USE_ASYNC_FIFO.I_ASYNC_FIFO/I_ASYNC_FIFOGEN_FIFO/xpm_fifo_instance.xpm_fifo_async_inst/gnuram_async_fifo.xpm_fifo_base_inst/gen_sdpram.xpm_memory_base_inst/gen_wr_a.gen_word_narrow.mem_reg/WEBWE[7] (net: design_1_i/DMA/axi_datamover_0/U0/GEN_S2MM_FULL.I_S2MM_FULL_WRAPPER/I_CMD_STATUS/I_CMD_FIFO/USE_ASYNC_FIFO.I_ASYNC_FIFO/I_ASYNC_FIFOGEN_FIFO/xpm_fifo_instance.xpm_fifo_async_inst/gnuram_async_fifo.xpm_fifo_base_inst/gen_sdpram.xpm_memory_base_inst/ena) which is driven by a register (design_1_i/DMA/Acquisition_top_0/U0/ADC_FSM/m_axis_s2mm_cmd_tvalid_reg) that has an active asychronous set or reset. This may cause corruption of the memory contents and/or read values when the set/reset is asserted and is not analyzed by the default static timing analysis. It is suggested to eliminate the use of a set/reset to registers driving this RAMB pin or else use a synchronous reset in which the assertion of the reset is timed by default.
Related violations: <none>

AVAL-4#1 Advisory
enum_USE_DPORT_FALSE_enum_DREG_ADREG_0_connects_CED_CEAD_RSTD_GND  
design_1_i/SinWave_Output/dds_compiler_0/U0/i_synth/i_dds/I_PHASEGEN.i_conventional_accum.i_accum/i_dsp48.i_struct.i_single_channel.I_DSP/I_VX5_6.I_DSP: DSP48E1 is not using the D port (USE_DPORT = FALSE). For improved power characteristics, set DREG and ADREG to '1', tie CED, CEAD, and RSTD to logic '0'.
Related violations: <none>

AVAL-4#2 Advisory
enum_USE_DPORT_FALSE_enum_DREG_ADREG_0_connects_CED_CEAD_RSTD_GND  
design_1_i/SinWave_Output/dds_compiler_1/U0/i_synth/i_dds/I_PHASEGEN.i_conventional_accum.i_accum/i_dsp48.i_struct.i_single_channel.I_DSP/I_VX5_6.I_DSP: DSP48E1 is not using the D port (USE_DPORT = FALSE). For improved power characteristics, set DREG and ADREG to '1', tie CED, CEAD, and RSTD to logic '0'.
Related violations: <none>

AVAL-5#1 Advisory
enum_USE_MULT_NONE_enum_DREG_ADREG_0_connects_CED_CEAD_RSTD_GND  
design_1_i/SinWave_Output/dds_compiler_0/U0/i_synth/i_dds/I_PHASEGEN.i_conventional_accum.i_accum/i_dsp48.i_struct.i_single_channel.I_DSP/I_VX5_6.I_DSP: DSP48E1 is not using the Multiplier (USE_MULT = NONE). For improved power characteristics, set DREG and ADREG to '1', tie CED, CEAD, and RSTD to logic '0'.
Related violations: <none>

AVAL-5#2 Advisory
enum_USE_MULT_NONE_enum_DREG_ADREG_0_connects_CED_CEAD_RSTD_GND  
design_1_i/SinWave_Output/dds_compiler_1/U0/i_synth/i_dds/I_PHASEGEN.i_conventional_accum.i_accum/i_dsp48.i_struct.i_single_channel.I_DSP/I_VX5_6.I_DSP: DSP48E1 is not using the Multiplier (USE_MULT = NONE). For improved power characteristics, set DREG and ADREG to '1', tie CED, CEAD, and RSTD to logic '0'.
Related violations: <none>


